<?xml version="1.0" encoding="UTF-8"?>
<testsuite xmlns:xsi="http://www.w3.org/2001/XMLSchema-instance" xsi:noNamespaceSchemaLocation="https://maven.apache.org/surefire/maven-surefire-plugin/xsd/surefire-test-report.xsd" name="com.xuecheng.test.freemarker.FreemarkerTest" time="1.474" tests="2" errors="2" skipped="0" failures="0">
  <properties>
[...]
</properties>
  <testcase name="testGenerateHtml" classname="com.xuecheng.test.freemarker.FreemarkerTest" time="0.002">
    <error message="Failed to load ApplicationContext" type="java.lang.IllegalStateException">java.lang.IllegalStateException: Failed to load ApplicationContext
Caused by: java.lang.IllegalStateException: 
Logback configuration error detected: 
ERROR in ch.qos.logback.core.rolling.RollingFileAppender[FILE] - Failed to create parent directories for [d:\logs\xc.2021-03-22.log]
ERROR in ch.qos.logback.core.rolling.RollingFileAppender[FILE] - openFile(null,true) call failed. java.io.FileNotFoundException: d:\logs\xc.2021-03-22.log (系统找不到指定的路径。)
</error>
    <system-out><![CDATA[14:45:53.781 [main] DEBUG org.springframework.test.context.junit4.SpringJUnit4ClassRunner - SpringJUnit4ClassRunner constructor called with [class com.xuecheng.test.freemarker.FreemarkerTest]
14:45:53.789 [main] DEBUG org.springframework.test.context.BootstrapUtils - Instantiating CacheAwareContextLoaderDelegate from class [org.springframework.test.context.cache.DefaultCacheAwareContextLoaderDelegate]
14:45:53.799 [main] DEBUG org.springframework.test.context.BootstrapUtils - Instantiating BootstrapContext using constructor [public org.springframework.test.context.support.DefaultBootstrapContext(java.lang.Class,org.springframework.test.context.CacheAwareContextLoaderDelegate)]
14:45:53.819 [main] DEBUG org.springframework.test.context.BootstrapUtils - Instantiating TestContextBootstrapper for test class [com.xuecheng.test.freemarker.FreemarkerTest] from class [org.springframework.boot.test.context.SpringBootTestContextBootstrapper]
14:45:53.833 [main] INFO org.springframework.boot.test.context.SpringBootTestContextBootstrapper - Neither @ContextConfiguration nor @ContextHierarchy found for test class [com.xuecheng.test.freemarker.FreemarkerTest], using SpringBootContextLoader
14:45:53.837 [main] DEBUG org.springframework.test.context.support.AbstractContextLoader - Did not detect default resource location for test class [com.xuecheng.test.freemarker.FreemarkerTest]: class path resource [com/xuecheng/test/freemarker/FreemarkerTest-context.xml] does not exist
14:45:53.837 [main] DEBUG org.springframework.test.context.support.AbstractContextLoader - Did not detect default resource location for test class [com.xuecheng.test.freemarker.FreemarkerTest]: class path resource [com/xuecheng/test/freemarker/FreemarkerTestContext.groovy] does not exist
14:45:53.838 [main] INFO org.springframework.test.context.support.AbstractContextLoader - Could not detect default resource locations for test class [com.xuecheng.test.freemarker.FreemarkerTest]: no resource found for suffixes {-context.xml, Context.groovy}.
14:45:53.838 [main] INFO org.springframework.test.context.support.AnnotationConfigContextLoaderUtils - Could not detect default configuration classes for test class [com.xuecheng.test.freemarker.FreemarkerTest]: FreemarkerTest does not declare any static, non-private, non-final, nested classes annotated with @Configuration.
14:45:53.878 [main] DEBUG org.springframework.test.context.support.ActiveProfilesUtils - Could not find an 'annotation declaring class' for annotation type [org.springframework.test.context.ActiveProfiles] and class [com.xuecheng.test.freemarker.FreemarkerTest]
14:45:53.887 [main] DEBUG org.springframework.core.env.StandardEnvironment - Adding PropertySource 'systemProperties' with lowest search precedence
14:45:53.887 [main] DEBUG org.springframework.core.env.StandardEnvironment - Adding PropertySource 'systemEnvironment' with lowest search precedence
14:45:53.887 [main] DEBUG org.springframework.core.env.StandardEnvironment - Initialized StandardEnvironment with PropertySources [MapPropertySource@1991313236 {name='systemProperties', properties={idea.version=2020.3.2, java.runtime.name=Java(TM) SE Runtime Environment, sun.boot.library.path=J:\Java\jdk8\jre\bin, java.vm.version=25.261-b12, java.vm.vendor=Oracle Corporation, java.vendor.url=http://java.oracle.com/, path.separator=;, java.vm.name=Java HotSpot(TM) 64-Bit Server VM, file.encoding.pkg=sun.io, user.country=CN, user.script=, sun.java.launcher=SUN_STANDARD, sun.os.patch.level=, java.vm.specification.name=Java Virtual Machine Specification, user.dir=K:\codes\education\XcEduCode\test-freemarker, java.runtime.version=1.8.0_261-b12, basedir=K:\codes\education\XcEduCode\test-freemarker, java.awt.graphicsenv=sun.awt.Win32GraphicsEnvironment, java.endorsed.dirs=J:\Java\jdk8\jre\lib\endorsed, os.arch=amd64, surefire.real.class.path=M:\Users\ai\AppData\Local\Temp\surefire1806199178637157683\surefirebooter4284758026254091166.jar, java.io.tmpdir=M:\Users\ai\AppData\Local\Temp\, line.separator=
, java.vm.specification.vendor=Oracle Corporation, user.variant=, os.name=Windows 10, sun.jnu.encoding=GBK, java.library.path=J:\Java\jdk8\jre\bin;M:\WINDOWS\Sun\Java\bin;M:\WINDOWS\system32;M:\WINDOWS;M:\Python39\Scripts\;M:\Python39\;J:\VMware16full\bin\;M:\Program Files (x86)\NetSarang\Xshell 6\;M:\WINDOWS\system32;M:\WINDOWS;M:\WINDOWS\System32\Wbem;M:\WINDOWS\System32\WindowsPowerShell\v1.0\;M:\WINDOWS\System32\OpenSSH\;J:\java\jdk1.8.144\bin;J:\Python\python3.8.1;J:\Git\cmd;J:\maven\maven3.6.3\bin;J:\MySQL5.5.40\bin;M:\Windows\System32;J:\redis_ZTIT\;M:\Program Files\MySQL\MySQL Utilities 1.6\;M:\ProgramData\chocolatey\bin;M:\Program Files\MySQL\MySQL Server 5.7\bin;J:\ExtJsUIDesinger;J:\OpenSSL-Win64\bin;M:\Python39\Lib\site-packages\django\bin;J:\Go\bin;J:\SVN_1.14\bin;J:\hadoop2.7.5\bin;M:\Program Files\Docker\Docker\resources\bin;M:\ProgramData\DockerDesktop\version-bin;M:\Program Files\nodejs\;J:\Xmanager\;M:\Program Files\Microsoft SQL Server\130\Tools\Binn\;J:\;M:\Users\ai\AppData\Local\Microsoft\WindowsApps;J:\Devtools\IDE2020.2\DataGrip\bin;J:\Devtools\IDE2020.2\PyCharm\bin;J:\Devtools\IDE2020.2\IntelliJ\bin;M:\Users\ai\AppData\Local\GitHubDesktop\bin;J:\PhpStorm\PhpStorm2020\bin;;J:\WebStorm\WebStorm2020.2.2\bin;;J:\VSCode\bin;M:\Program Files\JetBrains\IntelliJ IDEA 2020.3.2\bin;;J:\GoLand_2020.3\bin;;J:\360zip\;M:\Users\ai\AppData\Roaming\npm;J:\Devtools\PyCharm2020.3.3\bin;;J:\Clion2020\CLion 2020.3.3\bin;;., surefire.test.class.path=K:\codes\education\XcEduCode\test-freemarker\target\test-classes;K:\codes\education\XcEduCode\test-freemarker\target\classes;J:\maven\CangKu\repository\org\springframework\boot\spring-boot-starter-freemarker\2.0.5.RELEASE\spring-boot-starter-freemarker-2.0.5.RELEASE.jar;J:\maven\CangKu\repository\org\springframework\boot\spring-boot-starter\2.0.5.RELEASE\spring-boot-starter-2.0.5.RELEASE.jar;J:\maven\CangKu\repository\org\springframework\boot\spring-boot\2.0.5.RELEASE\spring-boot-2.0.5.RELEASE.jar;J:\maven\CangKu\repository\org\springframework\boot\spring-boot-autoconfigure\2.0.5.RELEASE\spring-boot-autoconfigure-2.0.5.RELEASE.jar;J:\maven\CangKu\repository\org\springframework\boot\spring-boot-starter-logging\2.0.5.RELEASE\spring-boot-starter-logging-2.0.5.RELEASE.jar;J:\maven\CangKu\repository\ch\qos\logback\logback-classic\1.2.3\logback-classic-1.2.3.jar;J:\maven\CangKu\repository\ch\qos\logback\logback-core\1.2.3\logback-core-1.2.3.jar;J:\maven\CangKu\repository\org\apache\logging\log4j\log4j-to-slf4j\2.10.0\log4j-to-slf4j-2.10.0.jar;J:\maven\CangKu\repository\org\apache\logging\log4j\log4j-api\2.10.0\log4j-api-2.10.0.jar;J:\maven\CangKu\repository\org\slf4j\jul-to-slf4j\1.7.25\jul-to-slf4j-1.7.25.jar;J:\maven\CangKu\repository\javax\annotation\javax.annotation-api\1.3.2\javax.annotation-api-1.3.2.jar;J:\maven\CangKu\repository\org\yaml\snakeyaml\1.19\snakeyaml-1.19.jar;J:\maven\CangKu\repository\org\freemarker\freemarker\2.3.28\freemarker-2.3.28.jar;J:\maven\CangKu\repository\org\springframework\spring-context-support\5.0.9.RELEASE\spring-context-support-5.0.9.RELEASE.jar;J:\maven\CangKu\repository\org\springframework\spring-beans\5.0.9.RELEASE\spring-beans-5.0.9.RELEASE.jar;J:\maven\CangKu\repository\org\springframework\spring-context\5.0.9.RELEASE\spring-context-5.0.9.RELEASE.jar;J:\maven\CangKu\repository\org\springframework\boot\spring-boot-starter-web\2.0.5.RELEASE\spring-boot-starter-web-2.0.5.RELEASE.jar;J:\maven\CangKu\repository\org\springframework\boot\spring-boot-starter-json\2.0.5.RELEASE\spring-boot-starter-json-2.0.5.RELEASE.jar;J:\maven\CangKu\repository\com\fasterxml\jackson\core\jackson-databind\2.9.6\jackson-databind-2.9.6.jar;J:\maven\CangKu\repository\com\fasterxml\jackson\core\jackson-annotations\2.9.0\jackson-annotations-2.9.0.jar;J:\maven\CangKu\repository\com\fasterxml\jackson\core\jackson-core\2.9.6\jackson-core-2.9.6.jar;J:\maven\CangKu\repository\com\fasterxml\jackson\datatype\jackson-datatype-jdk8\2.9.6\jackson-datatype-jdk8-2.9.6.jar;J:\maven\CangKu\repository\com\fasterxml\jackson\datatype\jackson-datatype-jsr310\2.9.6\jackson-datatype-jsr310-2.9.6.jar;J:\maven\CangKu\repository\com\fasterxml\jackson\module\jackson-module-parameter-names\2.9.6\jackson-module-parameter-names-2.9.6.jar;J:\maven\CangKu\repository\org\springframework\boot\spring-boot-starter-tomcat\2.0.5.RELEASE\spring-boot-starter-tomcat-2.0.5.RELEASE.jar;J:\maven\CangKu\repository\org\apache\tomcat\embed\tomcat-embed-core\8.5.28\tomcat-embed-core-8.5.28.jar;J:\maven\CangKu\repository\org\apache\tomcat\embed\tomcat-embed-el\8.5.28\tomcat-embed-el-8.5.28.jar;J:\maven\CangKu\repository\org\apache\tomcat\embed\tomcat-embed-websocket\8.5.28\tomcat-embed-websocket-8.5.28.jar;J:\maven\CangKu\repository\org\hibernate\validator\hibernate-validator\6.0.12.Final\hibernate-validator-6.0.12.Final.jar;J:\maven\CangKu\repository\javax\validation\validation-api\2.0.1.Final\validation-api-2.0.1.Final.jar;J:\maven\CangKu\repository\org\jboss\logging\jboss-logging\3.3.2.Final\jboss-logging-3.3.2.Final.jar;J:\maven\CangKu\repository\com\fasterxml\classmate\1.3.4\classmate-1.3.4.jar;J:\maven\CangKu\repository\org\springframework\spring-web\5.0.9.RELEASE\spring-web-5.0.9.RELEASE.jar;J:\maven\CangKu\repository\org\springframework\spring-webmvc\5.0.9.RELEASE\spring-webmvc-5.0.9.RELEASE.jar;J:\maven\CangKu\repository\org\springframework\spring-aop\5.0.9.RELEASE\spring-aop-5.0.9.RELEASE.jar;J:\maven\CangKu\repository\org\springframework\spring-expression\5.0.9.RELEASE\spring-expression-5.0.9.RELEASE.jar;J:\maven\CangKu\repository\org\projectlombok\lombok\1.18.18\lombok-1.18.18.jar;J:\maven\CangKu\repository\com\squareup\okhttp3\okhttp\3.9.1\okhttp-3.9.1.jar;J:\maven\CangKu\repository\com\squareup\okio\okio\1.13.0\okio-1.13.0.jar;J:\maven\CangKu\repository\org\springframework\boot\spring-boot-starter-test\2.0.5.RELEASE\spring-boot-starter-test-2.0.5.RELEASE.jar;J:\maven\CangKu\repository\org\springframework\boot\spring-boot-test\2.0.5.RELEASE\spring-boot-test-2.0.5.RELEASE.jar;J:\maven\CangKu\repository\org\springframework\boot\spring-boot-test-autoconfigure\2.0.5.RELEASE\spring-boot-test-autoconfigure-2.0.5.RELEASE.jar;J:\maven\CangKu\repository\com\jayway\jsonpath\json-path\2.4.0\json-path-2.4.0.jar;J:\maven\CangKu\repository\net\minidev\json-smart\2.3\json-smart-2.3.jar;J:\maven\CangKu\repository\net\minidev\accessors-smart\1.2\accessors-smart-1.2.jar;J:\maven\CangKu\repository\org\ow2\asm\asm\5.0.4\asm-5.0.4.jar;J:\maven\CangKu\repository\org\slf4j\slf4j-api\1.7.25\slf4j-api-1.7.25.jar;J:\maven\CangKu\repository\junit\junit\4.12\junit-4.12.jar;J:\maven\CangKu\repository\org\assertj\assertj-core\3.9.1\assertj-core-3.9.1.jar;J:\maven\CangKu\repository\org\mockito\mockito-core\2.15.0\mockito-core-2.15.0.jar;J:\maven\CangKu\repository\net\bytebuddy\byte-buddy\1.7.11\byte-buddy-1.7.11.jar;J:\maven\CangKu\repository\net\bytebuddy\byte-buddy-agent\1.7.11\byte-buddy-agent-1.7.11.jar;J:\maven\CangKu\repository\org\objenesis\objenesis\2.6\objenesis-2.6.jar;J:\maven\CangKu\repository\org\hamcrest\hamcrest-core\1.3\hamcrest-core-1.3.jar;J:\maven\CangKu\repository\org\hamcrest\hamcrest-library\1.3\hamcrest-library-1.3.jar;J:\maven\CangKu\repository\org\skyscreamer\jsonassert\1.5.0\jsonassert-1.5.0.jar;J:\maven\CangKu\repository\com\vaadin\external\google\android-json\0.0.20131108.vaadin1\android-json-0.0.20131108.vaadin1.jar;J:\maven\CangKu\repository\org\springframework\spring-core\5.0.9.RELEASE\spring-core-5.0.9.RELEASE.jar;J:\maven\CangKu\repository\org\springframework\spring-jcl\5.0.9.RELEASE\spring-jcl-5.0.9.RELEASE.jar;J:\maven\CangKu\repository\org\springframework\spring-test\5.0.9.RELEASE\spring-test-5.0.9.RELEASE.jar;J:\maven\CangKu\repository\org\xmlunit\xmlunit-core\2.5.1\xmlunit-core-2.5.1.jar;J:\maven\CangKu\repository\commons-io\commons-io\1.3.2\commons-io-1.3.2.jar;, java.specification.name=Java Platform API Specification, java.class.version=52.0, sun.management.compiler=HotSpot 64-Bit Tiered Compilers, maven.repo.local=J:\maven\CangKu\repository, os.version=10.0, user.home=M:\Users\ai, user.timezone=Asia/Shanghai, java.awt.printerjob=sun.awt.windows.WPrinterJob, file.encoding=GBK, java.specification.version=1.8, java.class.path=K:\codes\education\XcEduCode\test-freemarker\target\test-classes;K:\codes\education\XcEduCode\test-freemarker\target\classes;J:\maven\CangKu\repository\org\springframework\boot\spring-boot-starter-freemarker\2.0.5.RELEASE\spring-boot-starter-freemarker-2.0.5.RELEASE.jar;J:\maven\CangKu\repository\org\springframework\boot\spring-boot-starter\2.0.5.RELEASE\spring-boot-starter-2.0.5.RELEASE.jar;J:\maven\CangKu\repository\org\springframework\boot\spring-boot\2.0.5.RELEASE\spring-boot-2.0.5.RELEASE.jar;J:\maven\CangKu\repository\org\springframework\boot\spring-boot-autoconfigure\2.0.5.RELEASE\spring-boot-autoconfigure-2.0.5.RELEASE.jar;J:\maven\CangKu\repository\org\springframework\boot\spring-boot-starter-logging\2.0.5.RELEASE\spring-boot-starter-logging-2.0.5.RELEASE.jar;J:\maven\CangKu\repository\ch\qos\logback\logback-classic\1.2.3\logback-classic-1.2.3.jar;J:\maven\CangKu\repository\ch\qos\logback\logback-core\1.2.3\logback-core-1.2.3.jar;J:\maven\CangKu\repository\org\apache\logging\log4j\log4j-to-slf4j\2.10.0\log4j-to-slf4j-2.10.0.jar;J:\maven\CangKu\repository\org\apache\logging\log4j\log4j-api\2.10.0\log4j-api-2.10.0.jar;J:\maven\CangKu\repository\org\slf4j\jul-to-slf4j\1.7.25\jul-to-slf4j-1.7.25.jar;J:\maven\CangKu\repository\javax\annotation\javax.annotation-api\1.3.2\javax.annotation-api-1.3.2.jar;J:\maven\CangKu\repository\org\yaml\snakeyaml\1.19\snakeyaml-1.19.jar;J:\maven\CangKu\repository\org\freemarker\freemarker\2.3.28\freemarker-2.3.28.jar;J:\maven\CangKu\repository\org\springframework\spring-context-support\5.0.9.RELEASE\spring-context-support-5.0.9.RELEASE.jar;J:\maven\CangKu\repository\org\springframework\spring-beans\5.0.9.RELEASE\spring-beans-5.0.9.RELEASE.jar;J:\maven\CangKu\repository\org\springframework\spring-context\5.0.9.RELEASE\spring-context-5.0.9.RELEASE.jar;J:\maven\CangKu\repository\org\springframework\boot\spring-boot-starter-web\2.0.5.RELEASE\spring-boot-starter-web-2.0.5.RELEASE.jar;J:\maven\CangKu\repository\org\springframework\boot\spring-boot-starter-json\2.0.5.RELEASE\spring-boot-starter-json-2.0.5.RELEASE.jar;J:\maven\CangKu\repository\com\fasterxml\jackson\core\jackson-databind\2.9.6\jackson-databind-2.9.6.jar;J:\maven\CangKu\repository\com\fasterxml\jackson\core\jackson-annotations\2.9.0\jackson-annotations-2.9.0.jar;J:\maven\CangKu\repository\com\fasterxml\jackson\core\jackson-core\2.9.6\jackson-core-2.9.6.jar;J:\maven\CangKu\repository\com\fasterxml\jackson\datatype\jackson-datatype-jdk8\2.9.6\jackson-datatype-jdk8-2.9.6.jar;J:\maven\CangKu\repository\com\fasterxml\jackson\datatype\jackson-datatype-jsr310\2.9.6\jackson-datatype-jsr310-2.9.6.jar;J:\maven\CangKu\repository\com\fasterxml\jackson\module\jackson-module-parameter-names\2.9.6\jackson-module-parameter-names-2.9.6.jar;J:\maven\CangKu\repository\org\springframework\boot\spring-boot-starter-tomcat\2.0.5.RELEASE\spring-boot-starter-tomcat-2.0.5.RELEASE.jar;J:\maven\CangKu\repository\org\apache\tomcat\embed\tomcat-embed-core\8.5.28\tomcat-embed-core-8.5.28.jar;J:\maven\CangKu\repository\org\apache\tomcat\embed\tomcat-embed-el\8.5.28\tomcat-embed-el-8.5.28.jar;J:\maven\CangKu\repository\org\apache\tomcat\embed\tomcat-embed-websocket\8.5.28\tomcat-embed-websocket-8.5.28.jar;J:\maven\CangKu\repository\org\hibernate\validator\hibernate-validator\6.0.12.Final\hibernate-validator-6.0.12.Final.jar;J:\maven\CangKu\repository\javax\validation\validation-api\2.0.1.Final\validation-api-2.0.1.Final.jar;J:\maven\CangKu\repository\org\jboss\logging\jboss-logging\3.3.2.Final\jboss-logging-3.3.2.Final.jar;J:\maven\CangKu\repository\com\fasterxml\classmate\1.3.4\classmate-1.3.4.jar;J:\maven\CangKu\repository\org\springframework\spring-web\5.0.9.RELEASE\spring-web-5.0.9.RELEASE.jar;J:\maven\CangKu\repository\org\springframework\spring-webmvc\5.0.9.RELEASE\spring-webmvc-5.0.9.RELEASE.jar;J:\maven\CangKu\repository\org\springframework\spring-aop\5.0.9.RELEASE\spring-aop-5.0.9.RELEASE.jar;J:\maven\CangKu\repository\org\springframework\spring-expression\5.0.9.RELEASE\spring-expression-5.0.9.RELEASE.jar;J:\maven\CangKu\repository\org\projectlombok\lombok\1.18.18\lombok-1.18.18.jar;J:\maven\CangKu\repository\com\squareup\okhttp3\okhttp\3.9.1\okhttp-3.9.1.jar;J:\maven\CangKu\repository\com\squareup\okio\okio\1.13.0\okio-1.13.0.jar;J:\maven\CangKu\repository\org\springframework\boot\spring-boot-starter-test\2.0.5.RELEASE\spring-boot-starter-test-2.0.5.RELEASE.jar;J:\maven\CangKu\repository\org\springframework\boot\spring-boot-test\2.0.5.RELEASE\spring-boot-test-2.0.5.RELEASE.jar;J:\maven\CangKu\repository\org\springframework\boot\spring-boot-test-autoconfigure\2.0.5.RELEASE\spring-boot-test-autoconfigure-2.0.5.RELEASE.jar;J:\maven\CangKu\repository\com\jayway\jsonpath\json-path\2.4.0\json-path-2.4.0.jar;J:\maven\CangKu\repository\net\minidev\json-smart\2.3\json-smart-2.3.jar;J:\maven\CangKu\repository\net\minidev\accessors-smart\1.2\accessors-smart-1.2.jar;J:\maven\CangKu\repository\org\ow2\asm\asm\5.0.4\asm-5.0.4.jar;J:\maven\CangKu\repository\org\slf4j\slf4j-api\1.7.25\slf4j-api-1.7.25.jar;J:\maven\CangKu\repository\junit\junit\4.12\junit-4.12.jar;J:\maven\CangKu\repository\org\assertj\assertj-core\3.9.1\assertj-core-3.9.1.jar;J:\maven\CangKu\repository\org\mockito\mockito-core\2.15.0\mockito-core-2.15.0.jar;J:\maven\CangKu\repository\net\bytebuddy\byte-buddy\1.7.11\byte-buddy-1.7.11.jar;J:\maven\CangKu\repository\net\bytebuddy\byte-buddy-agent\1.7.11\byte-buddy-agent-1.7.11.jar;J:\maven\CangKu\repository\org\objenesis\objenesis\2.6\objenesis-2.6.jar;J:\maven\CangKu\repository\org\hamcrest\hamcrest-core\1.3\hamcrest-core-1.3.jar;J:\maven\CangKu\repository\org\hamcrest\hamcrest-library\1.3\hamcrest-library-1.3.jar;J:\maven\CangKu\repository\org\skyscreamer\jsonassert\1.5.0\jsonassert-1.5.0.jar;J:\maven\CangKu\repository\com\vaadin\external\google\android-json\0.0.20131108.vaadin1\android-json-0.0.20131108.vaadin1.jar;J:\maven\CangKu\repository\org\springframework\spring-core\5.0.9.RELEASE\spring-core-5.0.9.RELEASE.jar;J:\maven\CangKu\repository\org\springframework\spring-jcl\5.0.9.RELEASE\spring-jcl-5.0.9.RELEASE.jar;J:\maven\CangKu\repository\org\springframework\spring-test\5.0.9.RELEASE\spring-test-5.0.9.RELEASE.jar;J:\maven\CangKu\repository\org\xmlunit\xmlunit-core\2.5.1\xmlunit-core-2.5.1.jar;J:\maven\CangKu\repository\commons-io\commons-io\1.3.2\commons-io-1.3.2.jar;, user.name=ai, java.vm.specification.version=1.8, sun.java.command=M:\Users\ai\AppData\Local\Temp\surefire1806199178637157683\surefirebooter4284758026254091166.jar M:\Users\ai\AppData\Local\Temp\surefire1806199178637157683 2021-03-22T14-45-52_798-jvmRun1 surefire1816214276760259588tmp surefire_08921807279390702959tmp, java.home=J:\Java\jdk8\jre, sun.arch.data.model=64, user.language=zh, java.specification.vendor=Oracle Corporation, awt.toolkit=sun.awt.windows.WToolkit, java.vm.info=mixed mode, java.version=1.8.0_261, java.ext.dirs=J:\Java\jdk8\jre\lib\ext;M:\WINDOWS\Sun\Java\lib\ext, sun.boot.class.path=J:\Java\jdk8\jre\lib\resources.jar;J:\Java\jdk8\jre\lib\rt.jar;J:\Java\jdk8\jre\lib\sunrsasign.jar;J:\Java\jdk8\jre\lib\jsse.jar;J:\Java\jdk8\jre\lib\jce.jar;J:\Java\jdk8\jre\lib\charsets.jar;J:\Java\jdk8\jre\lib\jfr.jar;J:\Java\jdk8\jre\classes, java.vendor=Oracle Corporation, localRepository=J:\maven\CangKu\repository, file.separator=\, java.vendor.url.bug=http://bugreport.sun.com/bugreport/, sun.io.unicode.encoding=UnicodeLittle, sun.cpu.endian=little, sun.desktop=windows, sun.cpu.isalist=amd64}}, SystemEnvironmentPropertySource@736778932 {name='systemEnvironment', properties={PATH=M:\Python39\Scripts\;M:\Python39\;J:\VMware16full\bin\;M:\Program Files (x86)\NetSarang\Xshell 6\;M:\WINDOWS\system32;M:\WINDOWS;M:\WINDOWS\System32\Wbem;M:\WINDOWS\System32\WindowsPowerShell\v1.0\;M:\WINDOWS\System32\OpenSSH\;J:\java\jdk1.8.144\bin;J:\Python\python3.8.1;J:\Git\cmd;J:\maven\maven3.6.3\bin;J:\MySQL5.5.40\bin;M:\Windows\System32;J:\redis_ZTIT\;M:\Program Files\MySQL\MySQL Utilities 1.6\;M:\ProgramData\chocolatey\bin;M:\Program Files\MySQL\MySQL Server 5.7\bin;J:\ExtJsUIDesinger;J:\OpenSSL-Win64\bin;M:\Python39\Lib\site-packages\django\bin;J:\Go\bin;J:\SVN_1.14\bin;J:\hadoop2.7.5\bin;M:\Program Files\Docker\Docker\resources\bin;M:\ProgramData\DockerDesktop\version-bin;M:\Program Files\nodejs\;J:\Xmanager\;M:\Program Files\Microsoft SQL Server\130\Tools\Binn\;J:\;M:\Users\ai\AppData\Local\Microsoft\WindowsApps;J:\Devtools\IDE2020.2\DataGrip\bin;J:\Devtools\IDE2020.2\PyCharm\bin;J:\Devtools\IDE2020.2\IntelliJ\bin;M:\Users\ai\AppData\Local\GitHubDesktop\bin;J:\PhpStorm\PhpStorm2020\bin;;J:\WebStorm\WebStorm2020.2.2\bin;;J:\VSCode\bin;M:\Program Files\JetBrains\IntelliJ IDEA 2020.3.2\bin;;J:\GoLand_2020.3\bin;;J:\360zip\;M:\Users\ai\AppData\Roaming\npm;J:\Devtools\PyCharm2020.3.3\bin;;J:\Clion2020\CLion 2020.3.3\bin;, USERDOMAIN_ROAMINGPROFILE=DESKTOP-4U7PKB9, PROCESSOR_LEVEL=6, SYSTEMDRIVE=M:, SESSIONNAME=Console, ALLUSERSPROFILE=M:\ProgramData, CLION=J:\Clion2020\CLion 2020.3.3\bin;, PROCESSOR_ARCHITECTURE=AMD64, DRIVERDATA=M:\Windows\System32\Drivers\DriverData, MAVEN_HOME=J:\maven\maven3.6.3, PROGRAMFILES=M:\Program Files, PSMODULEPATH=M:\Program Files\WindowsPowerShell\Modules;M:\WINDOWS\system32\WindowsPowerShell\v1.0\Modules, PROGRAMDATA=M:\ProgramData, CHOCOLATEYLASTPATHUPDATE=132467692171549471, USERNAME=ai, FPS_BROWSER_USER_PROFILE_STRING=Default, ONEDRIVE=M:\Users\ai\OneDrive, PATHEXT=.COM;.EXE;.BAT;.CMD;.VBS;.VBE;.JS;.JSE;.WSF;.WSH;.MSC;.PY;.PYW, ONEDRIVECONSUMER=M:\Users\ai\OneDrive, PHPSTORM=J:\PhpStorm\PhpStorm2020\bin;, DATAGRIP=J:\Devtools\IDE2020.2\DataGrip\bin;, PYTHON_HOME=J:\Python, WINDIR=M:\WINDOWS, HOMEPATH=\Users\ai, PROCESSOR_IDENTIFIER=Intel64 Family 6 Model 94 Stepping 3, GenuineIntel, HADOOP_HOME=J:\hadoop2.7.5, PUBLIC=M:\Users\Public, =::=::\, LOCALAPPDATA=M:\Users\ai\AppData\Local, COMMONPROGRAMFILES(X86)=M:\Program Files (x86)\Common Files, USERDOMAIN=DESKTOP-4U7PKB9, FPS_BROWSER_APP_PROFILE_STRING=Internet Explorer, LOGONSERVER=\\DESKTOP-4U7PKB9, JAVA_HOME=J:\java\jdk1.8.144, PROMPT=$P$G, PROGRAMFILES(X86)=M:\Program Files (x86), =K:=K:\codes\education\XcEduCode\test-freemarker, INTELLIJ IDEA=M:\Program Files\JetBrains\IntelliJ IDEA 2020.3.2\bin;, ERLANG_HOME=J:\RabbitMQ\erl10.1, APPDATA=M:\Users\ai\AppData\Roaming, PROGRAMW6432=M:\Program Files, SYSTEMROOT=M:\WINDOWS, CHOCOLATEYINSTALL=M:\ProgramData\chocolatey, OS=Windows_NT, COMMONPROGRAMW6432=M:\Program Files\Common Files, COMPUTERNAME=DESKTOP-4U7PKB9, COMMONPROGRAMFILES=M:\Program Files\Common Files, COMSPEC=M:\WINDOWS\system32\cmd.exe, PROCESSOR_REVISION=5e03, PYCHARM=J:\Devtools\PyCharm2020.3.3\bin;, WXDRIVE_START_ARGS=--wxdrive-setting=0 --disable-gpu --disable-software-rasterizer --enable-features=NetworkServiceInProcess, TEMP=M:\Users\ai\AppData\Local\Temp, HOMEDRIVE=M:, USERPROFILE=M:\Users\ai, TMP=M:\Users\ai\AppData\Local\Temp, GOLAND=J:\GoLand_2020.3\bin;, WEBSTORM=J:\WebStorm\WebStorm2020.2.2\bin;, NUMBER_OF_PROCESSORS=8, IDEA_INITIAL_DIRECTORY=M:\Program Files\JetBrains\IntelliJ IDEA 2020.3.2\bin}}]
14:45:53.902 [main] DEBUG org.springframework.core.io.support.PathMatchingResourcePatternResolver - Resolved classpath location [com/xuecheng/test/freemarker/] to resources [URL [file:/K:/codes/education/XcEduCode/test-freemarker/target/test-classes/com/xuecheng/test/freemarker/], URL [file:/K:/codes/education/XcEduCode/test-freemarker/target/classes/com/xuecheng/test/freemarker/]]
14:45:53.902 [main] DEBUG org.springframework.core.io.support.PathMatchingResourcePatternResolver - Looking for matching resources in directory tree [K:\codes\education\XcEduCode\test-freemarker\target\test-classes\com\xuecheng\test\freemarker]
14:45:53.902 [main] DEBUG org.springframework.core.io.support.PathMatchingResourcePatternResolver - Searching directory [K:\codes\education\XcEduCode\test-freemarker\target\test-classes\com\xuecheng\test\freemarker] for files matching pattern [K:/codes/education/XcEduCode/test-freemarker/target/test-classes/com/xuecheng/test/freemarker/*.class]
14:45:53.906 [main] DEBUG org.springframework.core.io.support.PathMatchingResourcePatternResolver - Looking for matching resources in directory tree [K:\codes\education\XcEduCode\test-freemarker\target\classes\com\xuecheng\test\freemarker]
14:45:53.906 [main] DEBUG org.springframework.core.io.support.PathMatchingResourcePatternResolver - Searching directory [K:\codes\education\XcEduCode\test-freemarker\target\classes\com\xuecheng\test\freemarker] for files matching pattern [K:/codes/education/XcEduCode/test-freemarker/target/classes/com/xuecheng/test/freemarker/*.class]
14:45:53.907 [main] DEBUG org.springframework.core.io.support.PathMatchingResourcePatternResolver - Resolved location pattern [classpath*:com/xuecheng/test/freemarker/*.class] to resources [file [K:\codes\education\XcEduCode\test-freemarker\target\test-classes\com\xuecheng\test\freemarker\FreemarkerTest.class], file [K:\codes\education\XcEduCode\test-freemarker\target\test-classes\com\xuecheng\test\freemarker\testRestTemplate.class], file [K:\codes\education\XcEduCode\test-freemarker\target\classes\com\xuecheng\test\freemarker\FreemarkerTestApplication.class]]
14:45:53.966 [main] DEBUG org.springframework.context.annotation.ClassPathScanningCandidateComponentProvider - Identified candidate component class: file [K:\codes\education\XcEduCode\test-freemarker\target\classes\com\xuecheng\test\freemarker\FreemarkerTestApplication.class]
14:45:53.968 [main] INFO org.springframework.boot.test.context.SpringBootTestContextBootstrapper - Found @SpringBootConfiguration com.xuecheng.test.freemarker.FreemarkerTestApplication for test class com.xuecheng.test.freemarker.FreemarkerTest
14:45:54.107 [main] DEBUG org.springframework.boot.test.context.SpringBootTestContextBootstrapper - @TestExecutionListeners is not present for class [com.xuecheng.test.freemarker.FreemarkerTest]: using defaults.
14:45:54.107 [main] INFO org.springframework.boot.test.context.SpringBootTestContextBootstrapper - Loaded default TestExecutionListener class names from location [META-INF/spring.factories]: [org.springframework.boot.test.mock.mockito.MockitoTestExecutionListener, org.springframework.boot.test.mock.mockito.ResetMocksTestExecutionListener, org.springframework.boot.test.autoconfigure.restdocs.RestDocsTestExecutionListener, org.springframework.boot.test.autoconfigure.web.client.MockRestServiceServerResetTestExecutionListener, org.springframework.boot.test.autoconfigure.web.servlet.MockMvcPrintOnlyOnFailureTestExecutionListener, org.springframework.boot.test.autoconfigure.web.servlet.WebDriverTestExecutionListener, org.springframework.test.context.web.ServletTestExecutionListener, org.springframework.test.context.support.DirtiesContextBeforeModesTestExecutionListener, org.springframework.test.context.support.DependencyInjectionTestExecutionListener, org.springframework.test.context.support.DirtiesContextTestExecutionListener, org.springframework.test.context.transaction.TransactionalTestExecutionListener, org.springframework.test.context.jdbc.SqlScriptsTestExecutionListener]
14:45:54.125 [main] DEBUG org.springframework.boot.test.context.SpringBootTestContextBootstrapper - Skipping candidate TestExecutionListener [org.springframework.test.context.transaction.TransactionalTestExecutionListener] due to a missing dependency. Specify custom listener classes or make the default listener classes and their required dependencies available. Offending class: [org/springframework/transaction/interceptor/TransactionAttributeSource]
14:45:54.126 [main] DEBUG org.springframework.boot.test.context.SpringBootTestContextBootstrapper - Skipping candidate TestExecutionListener [org.springframework.test.context.jdbc.SqlScriptsTestExecutionListener] due to a missing dependency. Specify custom listener classes or make the default listener classes and their required dependencies available. Offending class: [org/springframework/transaction/interceptor/TransactionAttribute]
14:45:54.127 [main] INFO org.springframework.boot.test.context.SpringBootTestContextBootstrapper - Using TestExecutionListeners: [org.springframework.test.context.web.ServletTestExecutionListener@5b7a5baa, org.springframework.test.context.support.DirtiesContextBeforeModesTestExecutionListener@776aec5c, org.springframework.boot.test.mock.mockito.MockitoTestExecutionListener@1d296da, org.springframework.boot.test.autoconfigure.SpringBootDependencyInjectionTestExecutionListener@7c7a06ec, org.springframework.test.context.support.DirtiesContextTestExecutionListener@75d4a5c2, org.springframework.boot.test.mock.mockito.ResetMocksTestExecutionListener@557caf28, org.springframework.boot.test.autoconfigure.restdocs.RestDocsTestExecutionListener@408d971b, org.springframework.boot.test.autoconfigure.web.client.MockRestServiceServerResetTestExecutionListener@6c6cb480, org.springframework.boot.test.autoconfigure.web.servlet.MockMvcPrintOnlyOnFailureTestExecutionListener@3c46e67a, org.springframework.boot.test.autoconfigure.web.servlet.WebDriverTestExecutionListener@c730b35]
14:45:54.129 [main] DEBUG org.springframework.test.annotation.ProfileValueUtils - Retrieved @ProfileValueSourceConfiguration [null] for test class [com.xuecheng.test.freemarker.FreemarkerTest]
14:45:54.130 [main] DEBUG org.springframework.test.annotation.ProfileValueUtils - Retrieved ProfileValueSource type [class org.springframework.test.annotation.SystemProfileValueSource] for class [com.xuecheng.test.freemarker.FreemarkerTest]
14:45:54.132 [main] DEBUG org.springframework.test.annotation.ProfileValueUtils - Retrieved @ProfileValueSourceConfiguration [null] for test class [com.xuecheng.test.freemarker.FreemarkerTest]
14:45:54.133 [main] DEBUG org.springframework.test.annotation.ProfileValueUtils - Retrieved ProfileValueSource type [class org.springframework.test.annotation.SystemProfileValueSource] for class [com.xuecheng.test.freemarker.FreemarkerTest]
14:45:54.134 [main] DEBUG org.springframework.test.annotation.ProfileValueUtils - Retrieved @ProfileValueSourceConfiguration [null] for test class [com.xuecheng.test.freemarker.FreemarkerTest]
14:45:54.134 [main] DEBUG org.springframework.test.annotation.ProfileValueUtils - Retrieved ProfileValueSource type [class org.springframework.test.annotation.SystemProfileValueSource] for class [com.xuecheng.test.freemarker.FreemarkerTest]
14:45:54.139 [main] DEBUG org.springframework.test.context.support.AbstractDirtiesContextTestExecutionListener - Before test class: context [DefaultTestContext@385c9627 testClass = FreemarkerTest, testInstance = [null], testMethod = [null], testException = [null], mergedContextConfiguration = [WebMergedContextConfiguration@139982de testClass = FreemarkerTest, locations = '{}', classes = '{class com.xuecheng.test.freemarker.FreemarkerTestApplication}', contextInitializerClasses = '[]', activeProfiles = '{}', propertySourceLocations = '{}', propertySourceProperties = '{org.springframework.boot.test.context.SpringBootTestContextBootstrapper=true}', contextCustomizers = set[org.springframework.boot.test.context.filter.ExcludeFilterContextCustomizer@64485a47, org.springframework.boot.test.json.DuplicateJsonObjectContextCustomizerFactory$DuplicateJsonObjectContextCustomizer@7276c8cd, org.springframework.boot.test.mock.mockito.MockitoContextCustomizer@0, org.springframework.boot.test.web.client.TestRestTemplateContextCustomizer@df27fae, org.springframework.boot.test.autoconfigure.properties.PropertyMappingContextCustomizer@0, org.springframework.boot.test.autoconfigure.web.servlet.WebDriverContextCustomizerFactory$Customizer@35a50a4c], resourceBasePath = 'src/main/webapp', contextLoader = 'org.springframework.boot.test.context.SpringBootContextLoader', parent = [null]], attributes = map['org.springframework.test.context.web.ServletTestExecutionListener.activateListener' -> true]], class annotated with @DirtiesContext [false] with mode [null].
14:45:54.140 [main] DEBUG org.springframework.test.annotation.ProfileValueUtils - Retrieved @ProfileValueSourceConfiguration [null] for test class [com.xuecheng.test.freemarker.FreemarkerTest]
14:45:54.140 [main] DEBUG org.springframework.test.annotation.ProfileValueUtils - Retrieved ProfileValueSource type [class org.springframework.test.annotation.SystemProfileValueSource] for class [com.xuecheng.test.freemarker.FreemarkerTest]
14:45:54.165 [main] DEBUG org.springframework.core.env.StandardEnvironment - Adding PropertySource 'systemProperties' with lowest search precedence
14:45:54.165 [main] DEBUG org.springframework.core.env.StandardEnvironment - Adding PropertySource 'systemEnvironment' with lowest search precedence
14:45:54.166 [main] DEBUG org.springframework.core.env.StandardEnvironment - Initialized StandardEnvironment with PropertySources [MapPropertySource@2109798150 {name='systemProperties', properties={idea.version=2020.3.2, java.runtime.name=Java(TM) SE Runtime Environment, sun.boot.library.path=J:\Java\jdk8\jre\bin, java.vm.version=25.261-b12, java.vm.vendor=Oracle Corporation, java.vendor.url=http://java.oracle.com/, path.separator=;, java.vm.name=Java HotSpot(TM) 64-Bit Server VM, file.encoding.pkg=sun.io, user.country=CN, user.script=, sun.java.launcher=SUN_STANDARD, sun.os.patch.level=, java.vm.specification.name=Java Virtual Machine Specification, user.dir=K:\codes\education\XcEduCode\test-freemarker, java.runtime.version=1.8.0_261-b12, basedir=K:\codes\education\XcEduCode\test-freemarker, java.awt.graphicsenv=sun.awt.Win32GraphicsEnvironment, java.endorsed.dirs=J:\Java\jdk8\jre\lib\endorsed, os.arch=amd64, surefire.real.class.path=M:\Users\ai\AppData\Local\Temp\surefire1806199178637157683\surefirebooter4284758026254091166.jar, java.io.tmpdir=M:\Users\ai\AppData\Local\Temp\, line.separator=
, java.vm.specification.vendor=Oracle Corporation, user.variant=, os.name=Windows 10, sun.jnu.encoding=GBK, java.library.path=J:\Java\jdk8\jre\bin;M:\WINDOWS\Sun\Java\bin;M:\WINDOWS\system32;M:\WINDOWS;M:\Python39\Scripts\;M:\Python39\;J:\VMware16full\bin\;M:\Program Files (x86)\NetSarang\Xshell 6\;M:\WINDOWS\system32;M:\WINDOWS;M:\WINDOWS\System32\Wbem;M:\WINDOWS\System32\WindowsPowerShell\v1.0\;M:\WINDOWS\System32\OpenSSH\;J:\java\jdk1.8.144\bin;J:\Python\python3.8.1;J:\Git\cmd;J:\maven\maven3.6.3\bin;J:\MySQL5.5.40\bin;M:\Windows\System32;J:\redis_ZTIT\;M:\Program Files\MySQL\MySQL Utilities 1.6\;M:\ProgramData\chocolatey\bin;M:\Program Files\MySQL\MySQL Server 5.7\bin;J:\ExtJsUIDesinger;J:\OpenSSL-Win64\bin;M:\Python39\Lib\site-packages\django\bin;J:\Go\bin;J:\SVN_1.14\bin;J:\hadoop2.7.5\bin;M:\Program Files\Docker\Docker\resources\bin;M:\ProgramData\DockerDesktop\version-bin;M:\Program Files\nodejs\;J:\Xmanager\;M:\Program Files\Microsoft SQL Server\130\Tools\Binn\;J:\;M:\Users\ai\AppData\Local\Microsoft\WindowsApps;J:\Devtools\IDE2020.2\DataGrip\bin;J:\Devtools\IDE2020.2\PyCharm\bin;J:\Devtools\IDE2020.2\IntelliJ\bin;M:\Users\ai\AppData\Local\GitHubDesktop\bin;J:\PhpStorm\PhpStorm2020\bin;;J:\WebStorm\WebStorm2020.2.2\bin;;J:\VSCode\bin;M:\Program Files\JetBrains\IntelliJ IDEA 2020.3.2\bin;;J:\GoLand_2020.3\bin;;J:\360zip\;M:\Users\ai\AppData\Roaming\npm;J:\Devtools\PyCharm2020.3.3\bin;;J:\Clion2020\CLion 2020.3.3\bin;;., surefire.test.class.path=K:\codes\education\XcEduCode\test-freemarker\target\test-classes;K:\codes\education\XcEduCode\test-freemarker\target\classes;J:\maven\CangKu\repository\org\springframework\boot\spring-boot-starter-freemarker\2.0.5.RELEASE\spring-boot-starter-freemarker-2.0.5.RELEASE.jar;J:\maven\CangKu\repository\org\springframework\boot\spring-boot-starter\2.0.5.RELEASE\spring-boot-starter-2.0.5.RELEASE.jar;J:\maven\CangKu\repository\org\springframework\boot\spring-boot\2.0.5.RELEASE\spring-boot-2.0.5.RELEASE.jar;J:\maven\CangKu\repository\org\springframework\boot\spring-boot-autoconfigure\2.0.5.RELEASE\spring-boot-autoconfigure-2.0.5.RELEASE.jar;J:\maven\CangKu\repository\org\springframework\boot\spring-boot-starter-logging\2.0.5.RELEASE\spring-boot-starter-logging-2.0.5.RELEASE.jar;J:\maven\CangKu\repository\ch\qos\logback\logback-classic\1.2.3\logback-classic-1.2.3.jar;J:\maven\CangKu\repository\ch\qos\logback\logback-core\1.2.3\logback-core-1.2.3.jar;J:\maven\CangKu\repository\org\apache\logging\log4j\log4j-to-slf4j\2.10.0\log4j-to-slf4j-2.10.0.jar;J:\maven\CangKu\repository\org\apache\logging\log4j\log4j-api\2.10.0\log4j-api-2.10.0.jar;J:\maven\CangKu\repository\org\slf4j\jul-to-slf4j\1.7.25\jul-to-slf4j-1.7.25.jar;J:\maven\CangKu\repository\javax\annotation\javax.annotation-api\1.3.2\javax.annotation-api-1.3.2.jar;J:\maven\CangKu\repository\org\yaml\snakeyaml\1.19\snakeyaml-1.19.jar;J:\maven\CangKu\repository\org\freemarker\freemarker\2.3.28\freemarker-2.3.28.jar;J:\maven\CangKu\repository\org\springframework\spring-context-support\5.0.9.RELEASE\spring-context-support-5.0.9.RELEASE.jar;J:\maven\CangKu\repository\org\springframework\spring-beans\5.0.9.RELEASE\spring-beans-5.0.9.RELEASE.jar;J:\maven\CangKu\repository\org\springframework\spring-context\5.0.9.RELEASE\spring-context-5.0.9.RELEASE.jar;J:\maven\CangKu\repository\org\springframework\boot\spring-boot-starter-web\2.0.5.RELEASE\spring-boot-starter-web-2.0.5.RELEASE.jar;J:\maven\CangKu\repository\org\springframework\boot\spring-boot-starter-json\2.0.5.RELEASE\spring-boot-starter-json-2.0.5.RELEASE.jar;J:\maven\CangKu\repository\com\fasterxml\jackson\core\jackson-databind\2.9.6\jackson-databind-2.9.6.jar;J:\maven\CangKu\repository\com\fasterxml\jackson\core\jackson-annotations\2.9.0\jackson-annotations-2.9.0.jar;J:\maven\CangKu\repository\com\fasterxml\jackson\core\jackson-core\2.9.6\jackson-core-2.9.6.jar;J:\maven\CangKu\repository\com\fasterxml\jackson\datatype\jackson-datatype-jdk8\2.9.6\jackson-datatype-jdk8-2.9.6.jar;J:\maven\CangKu\repository\com\fasterxml\jackson\datatype\jackson-datatype-jsr310\2.9.6\jackson-datatype-jsr310-2.9.6.jar;J:\maven\CangKu\repository\com\fasterxml\jackson\module\jackson-module-parameter-names\2.9.6\jackson-module-parameter-names-2.9.6.jar;J:\maven\CangKu\repository\org\springframework\boot\spring-boot-starter-tomcat\2.0.5.RELEASE\spring-boot-starter-tomcat-2.0.5.RELEASE.jar;J:\maven\CangKu\repository\org\apache\tomcat\embed\tomcat-embed-core\8.5.28\tomcat-embed-core-8.5.28.jar;J:\maven\CangKu\repository\org\apache\tomcat\embed\tomcat-embed-el\8.5.28\tomcat-embed-el-8.5.28.jar;J:\maven\CangKu\repository\org\apache\tomcat\embed\tomcat-embed-websocket\8.5.28\tomcat-embed-websocket-8.5.28.jar;J:\maven\CangKu\repository\org\hibernate\validator\hibernate-validator\6.0.12.Final\hibernate-validator-6.0.12.Final.jar;J:\maven\CangKu\repository\javax\validation\validation-api\2.0.1.Final\validation-api-2.0.1.Final.jar;J:\maven\CangKu\repository\org\jboss\logging\jboss-logging\3.3.2.Final\jboss-logging-3.3.2.Final.jar;J:\maven\CangKu\repository\com\fasterxml\classmate\1.3.4\classmate-1.3.4.jar;J:\maven\CangKu\repository\org\springframework\spring-web\5.0.9.RELEASE\spring-web-5.0.9.RELEASE.jar;J:\maven\CangKu\repository\org\springframework\spring-webmvc\5.0.9.RELEASE\spring-webmvc-5.0.9.RELEASE.jar;J:\maven\CangKu\repository\org\springframework\spring-aop\5.0.9.RELEASE\spring-aop-5.0.9.RELEASE.jar;J:\maven\CangKu\repository\org\springframework\spring-expression\5.0.9.RELEASE\spring-expression-5.0.9.RELEASE.jar;J:\maven\CangKu\repository\org\projectlombok\lombok\1.18.18\lombok-1.18.18.jar;J:\maven\CangKu\repository\com\squareup\okhttp3\okhttp\3.9.1\okhttp-3.9.1.jar;J:\maven\CangKu\repository\com\squareup\okio\okio\1.13.0\okio-1.13.0.jar;J:\maven\CangKu\repository\org\springframework\boot\spring-boot-starter-test\2.0.5.RELEASE\spring-boot-starter-test-2.0.5.RELEASE.jar;J:\maven\CangKu\repository\org\springframework\boot\spring-boot-test\2.0.5.RELEASE\spring-boot-test-2.0.5.RELEASE.jar;J:\maven\CangKu\repository\org\springframework\boot\spring-boot-test-autoconfigure\2.0.5.RELEASE\spring-boot-test-autoconfigure-2.0.5.RELEASE.jar;J:\maven\CangKu\repository\com\jayway\jsonpath\json-path\2.4.0\json-path-2.4.0.jar;J:\maven\CangKu\repository\net\minidev\json-smart\2.3\json-smart-2.3.jar;J:\maven\CangKu\repository\net\minidev\accessors-smart\1.2\accessors-smart-1.2.jar;J:\maven\CangKu\repository\org\ow2\asm\asm\5.0.4\asm-5.0.4.jar;J:\maven\CangKu\repository\org\slf4j\slf4j-api\1.7.25\slf4j-api-1.7.25.jar;J:\maven\CangKu\repository\junit\junit\4.12\junit-4.12.jar;J:\maven\CangKu\repository\org\assertj\assertj-core\3.9.1\assertj-core-3.9.1.jar;J:\maven\CangKu\repository\org\mockito\mockito-core\2.15.0\mockito-core-2.15.0.jar;J:\maven\CangKu\repository\net\bytebuddy\byte-buddy\1.7.11\byte-buddy-1.7.11.jar;J:\maven\CangKu\repository\net\bytebuddy\byte-buddy-agent\1.7.11\byte-buddy-agent-1.7.11.jar;J:\maven\CangKu\repository\org\objenesis\objenesis\2.6\objenesis-2.6.jar;J:\maven\CangKu\repository\org\hamcrest\hamcrest-core\1.3\hamcrest-core-1.3.jar;J:\maven\CangKu\repository\org\hamcrest\hamcrest-library\1.3\hamcrest-library-1.3.jar;J:\maven\CangKu\repository\org\skyscreamer\jsonassert\1.5.0\jsonassert-1.5.0.jar;J:\maven\CangKu\repository\com\vaadin\external\google\android-json\0.0.20131108.vaadin1\android-json-0.0.20131108.vaadin1.jar;J:\maven\CangKu\repository\org\springframework\spring-core\5.0.9.RELEASE\spring-core-5.0.9.RELEASE.jar;J:\maven\CangKu\repository\org\springframework\spring-jcl\5.0.9.RELEASE\spring-jcl-5.0.9.RELEASE.jar;J:\maven\CangKu\repository\org\springframework\spring-test\5.0.9.RELEASE\spring-test-5.0.9.RELEASE.jar;J:\maven\CangKu\repository\org\xmlunit\xmlunit-core\2.5.1\xmlunit-core-2.5.1.jar;J:\maven\CangKu\repository\commons-io\commons-io\1.3.2\commons-io-1.3.2.jar;, java.specification.name=Java Platform API Specification, java.class.version=52.0, sun.management.compiler=HotSpot 64-Bit Tiered Compilers, maven.repo.local=J:\maven\CangKu\repository, os.version=10.0, user.home=M:\Users\ai, user.timezone=Asia/Shanghai, java.awt.printerjob=sun.awt.windows.WPrinterJob, file.encoding=GBK, java.specification.version=1.8, java.class.path=K:\codes\education\XcEduCode\test-freemarker\target\test-classes;K:\codes\education\XcEduCode\test-freemarker\target\classes;J:\maven\CangKu\repository\org\springframework\boot\spring-boot-starter-freemarker\2.0.5.RELEASE\spring-boot-starter-freemarker-2.0.5.RELEASE.jar;J:\maven\CangKu\repository\org\springframework\boot\spring-boot-starter\2.0.5.RELEASE\spring-boot-starter-2.0.5.RELEASE.jar;J:\maven\CangKu\repository\org\springframework\boot\spring-boot\2.0.5.RELEASE\spring-boot-2.0.5.RELEASE.jar;J:\maven\CangKu\repository\org\springframework\boot\spring-boot-autoconfigure\2.0.5.RELEASE\spring-boot-autoconfigure-2.0.5.RELEASE.jar;J:\maven\CangKu\repository\org\springframework\boot\spring-boot-starter-logging\2.0.5.RELEASE\spring-boot-starter-logging-2.0.5.RELEASE.jar;J:\maven\CangKu\repository\ch\qos\logback\logback-classic\1.2.3\logback-classic-1.2.3.jar;J:\maven\CangKu\repository\ch\qos\logback\logback-core\1.2.3\logback-core-1.2.3.jar;J:\maven\CangKu\repository\org\apache\logging\log4j\log4j-to-slf4j\2.10.0\log4j-to-slf4j-2.10.0.jar;J:\maven\CangKu\repository\org\apache\logging\log4j\log4j-api\2.10.0\log4j-api-2.10.0.jar;J:\maven\CangKu\repository\org\slf4j\jul-to-slf4j\1.7.25\jul-to-slf4j-1.7.25.jar;J:\maven\CangKu\repository\javax\annotation\javax.annotation-api\1.3.2\javax.annotation-api-1.3.2.jar;J:\maven\CangKu\repository\org\yaml\snakeyaml\1.19\snakeyaml-1.19.jar;J:\maven\CangKu\repository\org\freemarker\freemarker\2.3.28\freemarker-2.3.28.jar;J:\maven\CangKu\repository\org\springframework\spring-context-support\5.0.9.RELEASE\spring-context-support-5.0.9.RELEASE.jar;J:\maven\CangKu\repository\org\springframework\spring-beans\5.0.9.RELEASE\spring-beans-5.0.9.RELEASE.jar;J:\maven\CangKu\repository\org\springframework\spring-context\5.0.9.RELEASE\spring-context-5.0.9.RELEASE.jar;J:\maven\CangKu\repository\org\springframework\boot\spring-boot-starter-web\2.0.5.RELEASE\spring-boot-starter-web-2.0.5.RELEASE.jar;J:\maven\CangKu\repository\org\springframework\boot\spring-boot-starter-json\2.0.5.RELEASE\spring-boot-starter-json-2.0.5.RELEASE.jar;J:\maven\CangKu\repository\com\fasterxml\jackson\core\jackson-databind\2.9.6\jackson-databind-2.9.6.jar;J:\maven\CangKu\repository\com\fasterxml\jackson\core\jackson-annotations\2.9.0\jackson-annotations-2.9.0.jar;J:\maven\CangKu\repository\com\fasterxml\jackson\core\jackson-core\2.9.6\jackson-core-2.9.6.jar;J:\maven\CangKu\repository\com\fasterxml\jackson\datatype\jackson-datatype-jdk8\2.9.6\jackson-datatype-jdk8-2.9.6.jar;J:\maven\CangKu\repository\com\fasterxml\jackson\datatype\jackson-datatype-jsr310\2.9.6\jackson-datatype-jsr310-2.9.6.jar;J:\maven\CangKu\repository\com\fasterxml\jackson\module\jackson-module-parameter-names\2.9.6\jackson-module-parameter-names-2.9.6.jar;J:\maven\CangKu\repository\org\springframework\boot\spring-boot-starter-tomcat\2.0.5.RELEASE\spring-boot-starter-tomcat-2.0.5.RELEASE.jar;J:\maven\CangKu\repository\org\apache\tomcat\embed\tomcat-embed-core\8.5.28\tomcat-embed-core-8.5.28.jar;J:\maven\CangKu\repository\org\apache\tomcat\embed\tomcat-embed-el\8.5.28\tomcat-embed-el-8.5.28.jar;J:\maven\CangKu\repository\org\apache\tomcat\embed\tomcat-embed-websocket\8.5.28\tomcat-embed-websocket-8.5.28.jar;J:\maven\CangKu\repository\org\hibernate\validator\hibernate-validator\6.0.12.Final\hibernate-validator-6.0.12.Final.jar;J:\maven\CangKu\repository\javax\validation\validation-api\2.0.1.Final\validation-api-2.0.1.Final.jar;J:\maven\CangKu\repository\org\jboss\logging\jboss-logging\3.3.2.Final\jboss-logging-3.3.2.Final.jar;J:\maven\CangKu\repository\com\fasterxml\classmate\1.3.4\classmate-1.3.4.jar;J:\maven\CangKu\repository\org\springframework\spring-web\5.0.9.RELEASE\spring-web-5.0.9.RELEASE.jar;J:\maven\CangKu\repository\org\springframework\spring-webmvc\5.0.9.RELEASE\spring-webmvc-5.0.9.RELEASE.jar;J:\maven\CangKu\repository\org\springframework\spring-aop\5.0.9.RELEASE\spring-aop-5.0.9.RELEASE.jar;J:\maven\CangKu\repository\org\springframework\spring-expression\5.0.9.RELEASE\spring-expression-5.0.9.RELEASE.jar;J:\maven\CangKu\repository\org\projectlombok\lombok\1.18.18\lombok-1.18.18.jar;J:\maven\CangKu\repository\com\squareup\okhttp3\okhttp\3.9.1\okhttp-3.9.1.jar;J:\maven\CangKu\repository\com\squareup\okio\okio\1.13.0\okio-1.13.0.jar;J:\maven\CangKu\repository\org\springframework\boot\spring-boot-starter-test\2.0.5.RELEASE\spring-boot-starter-test-2.0.5.RELEASE.jar;J:\maven\CangKu\repository\org\springframework\boot\spring-boot-test\2.0.5.RELEASE\spring-boot-test-2.0.5.RELEASE.jar;J:\maven\CangKu\repository\org\springframework\boot\spring-boot-test-autoconfigure\2.0.5.RELEASE\spring-boot-test-autoconfigure-2.0.5.RELEASE.jar;J:\maven\CangKu\repository\com\jayway\jsonpath\json-path\2.4.0\json-path-2.4.0.jar;J:\maven\CangKu\repository\net\minidev\json-smart\2.3\json-smart-2.3.jar;J:\maven\CangKu\repository\net\minidev\accessors-smart\1.2\accessors-smart-1.2.jar;J:\maven\CangKu\repository\org\ow2\asm\asm\5.0.4\asm-5.0.4.jar;J:\maven\CangKu\repository\org\slf4j\slf4j-api\1.7.25\slf4j-api-1.7.25.jar;J:\maven\CangKu\repository\junit\junit\4.12\junit-4.12.jar;J:\maven\CangKu\repository\org\assertj\assertj-core\3.9.1\assertj-core-3.9.1.jar;J:\maven\CangKu\repository\org\mockito\mockito-core\2.15.0\mockito-core-2.15.0.jar;J:\maven\CangKu\repository\net\bytebuddy\byte-buddy\1.7.11\byte-buddy-1.7.11.jar;J:\maven\CangKu\repository\net\bytebuddy\byte-buddy-agent\1.7.11\byte-buddy-agent-1.7.11.jar;J:\maven\CangKu\repository\org\objenesis\objenesis\2.6\objenesis-2.6.jar;J:\maven\CangKu\repository\org\hamcrest\hamcrest-core\1.3\hamcrest-core-1.3.jar;J:\maven\CangKu\repository\org\hamcrest\hamcrest-library\1.3\hamcrest-library-1.3.jar;J:\maven\CangKu\repository\org\skyscreamer\jsonassert\1.5.0\jsonassert-1.5.0.jar;J:\maven\CangKu\repository\com\vaadin\external\google\android-json\0.0.20131108.vaadin1\android-json-0.0.20131108.vaadin1.jar;J:\maven\CangKu\repository\org\springframework\spring-core\5.0.9.RELEASE\spring-core-5.0.9.RELEASE.jar;J:\maven\CangKu\repository\org\springframework\spring-jcl\5.0.9.RELEASE\spring-jcl-5.0.9.RELEASE.jar;J:\maven\CangKu\repository\org\springframework\spring-test\5.0.9.RELEASE\spring-test-5.0.9.RELEASE.jar;J:\maven\CangKu\repository\org\xmlunit\xmlunit-core\2.5.1\xmlunit-core-2.5.1.jar;J:\maven\CangKu\repository\commons-io\commons-io\1.3.2\commons-io-1.3.2.jar;, user.name=ai, java.vm.specification.version=1.8, sun.java.command=M:\Users\ai\AppData\Local\Temp\surefire1806199178637157683\surefirebooter4284758026254091166.jar M:\Users\ai\AppData\Local\Temp\surefire1806199178637157683 2021-03-22T14-45-52_798-jvmRun1 surefire1816214276760259588tmp surefire_08921807279390702959tmp, java.home=J:\Java\jdk8\jre, sun.arch.data.model=64, user.language=zh, java.specification.vendor=Oracle Corporation, awt.toolkit=sun.awt.windows.WToolkit, java.vm.info=mixed mode, java.version=1.8.0_261, java.ext.dirs=J:\Java\jdk8\jre\lib\ext;M:\WINDOWS\Sun\Java\lib\ext, sun.boot.class.path=J:\Java\jdk8\jre\lib\resources.jar;J:\Java\jdk8\jre\lib\rt.jar;J:\Java\jdk8\jre\lib\sunrsasign.jar;J:\Java\jdk8\jre\lib\jsse.jar;J:\Java\jdk8\jre\lib\jce.jar;J:\Java\jdk8\jre\lib\charsets.jar;J:\Java\jdk8\jre\lib\jfr.jar;J:\Java\jdk8\jre\classes, java.vendor=Oracle Corporation, localRepository=J:\maven\CangKu\repository, file.separator=\, java.vendor.url.bug=http://bugreport.sun.com/bugreport/, sun.io.unicode.encoding=UnicodeLittle, sun.cpu.endian=little, sun.desktop=windows, sun.cpu.isalist=amd64}}, SystemEnvironmentPropertySource@1074389766 {name='systemEnvironment', properties={PATH=M:\Python39\Scripts\;M:\Python39\;J:\VMware16full\bin\;M:\Program Files (x86)\NetSarang\Xshell 6\;M:\WINDOWS\system32;M:\WINDOWS;M:\WINDOWS\System32\Wbem;M:\WINDOWS\System32\WindowsPowerShell\v1.0\;M:\WINDOWS\System32\OpenSSH\;J:\java\jdk1.8.144\bin;J:\Python\python3.8.1;J:\Git\cmd;J:\maven\maven3.6.3\bin;J:\MySQL5.5.40\bin;M:\Windows\System32;J:\redis_ZTIT\;M:\Program Files\MySQL\MySQL Utilities 1.6\;M:\ProgramData\chocolatey\bin;M:\Program Files\MySQL\MySQL Server 5.7\bin;J:\ExtJsUIDesinger;J:\OpenSSL-Win64\bin;M:\Python39\Lib\site-packages\django\bin;J:\Go\bin;J:\SVN_1.14\bin;J:\hadoop2.7.5\bin;M:\Program Files\Docker\Docker\resources\bin;M:\ProgramData\DockerDesktop\version-bin;M:\Program Files\nodejs\;J:\Xmanager\;M:\Program Files\Microsoft SQL Server\130\Tools\Binn\;J:\;M:\Users\ai\AppData\Local\Microsoft\WindowsApps;J:\Devtools\IDE2020.2\DataGrip\bin;J:\Devtools\IDE2020.2\PyCharm\bin;J:\Devtools\IDE2020.2\IntelliJ\bin;M:\Users\ai\AppData\Local\GitHubDesktop\bin;J:\PhpStorm\PhpStorm2020\bin;;J:\WebStorm\WebStorm2020.2.2\bin;;J:\VSCode\bin;M:\Program Files\JetBrains\IntelliJ IDEA 2020.3.2\bin;;J:\GoLand_2020.3\bin;;J:\360zip\;M:\Users\ai\AppData\Roaming\npm;J:\Devtools\PyCharm2020.3.3\bin;;J:\Clion2020\CLion 2020.3.3\bin;, USERDOMAIN_ROAMINGPROFILE=DESKTOP-4U7PKB9, PROCESSOR_LEVEL=6, SYSTEMDRIVE=M:, SESSIONNAME=Console, ALLUSERSPROFILE=M:\ProgramData, CLION=J:\Clion2020\CLion 2020.3.3\bin;, PROCESSOR_ARCHITECTURE=AMD64, DRIVERDATA=M:\Windows\System32\Drivers\DriverData, MAVEN_HOME=J:\maven\maven3.6.3, PROGRAMFILES=M:\Program Files, PSMODULEPATH=M:\Program Files\WindowsPowerShell\Modules;M:\WINDOWS\system32\WindowsPowerShell\v1.0\Modules, PROGRAMDATA=M:\ProgramData, CHOCOLATEYLASTPATHUPDATE=132467692171549471, USERNAME=ai, FPS_BROWSER_USER_PROFILE_STRING=Default, ONEDRIVE=M:\Users\ai\OneDrive, PATHEXT=.COM;.EXE;.BAT;.CMD;.VBS;.VBE;.JS;.JSE;.WSF;.WSH;.MSC;.PY;.PYW, ONEDRIVECONSUMER=M:\Users\ai\OneDrive, PHPSTORM=J:\PhpStorm\PhpStorm2020\bin;, DATAGRIP=J:\Devtools\IDE2020.2\DataGrip\bin;, PYTHON_HOME=J:\Python, WINDIR=M:\WINDOWS, HOMEPATH=\Users\ai, PROCESSOR_IDENTIFIER=Intel64 Family 6 Model 94 Stepping 3, GenuineIntel, HADOOP_HOME=J:\hadoop2.7.5, PUBLIC=M:\Users\Public, =::=::\, LOCALAPPDATA=M:\Users\ai\AppData\Local, COMMONPROGRAMFILES(X86)=M:\Program Files (x86)\Common Files, USERDOMAIN=DESKTOP-4U7PKB9, FPS_BROWSER_APP_PROFILE_STRING=Internet Explorer, LOGONSERVER=\\DESKTOP-4U7PKB9, JAVA_HOME=J:\java\jdk1.8.144, PROMPT=$P$G, PROGRAMFILES(X86)=M:\Program Files (x86), =K:=K:\codes\education\XcEduCode\test-freemarker, INTELLIJ IDEA=M:\Program Files\JetBrains\IntelliJ IDEA 2020.3.2\bin;, ERLANG_HOME=J:\RabbitMQ\erl10.1, APPDATA=M:\Users\ai\AppData\Roaming, PROGRAMW6432=M:\Program Files, SYSTEMROOT=M:\WINDOWS, CHOCOLATEYINSTALL=M:\ProgramData\chocolatey, OS=Windows_NT, COMMONPROGRAMW6432=M:\Program Files\Common Files, COMPUTERNAME=DESKTOP-4U7PKB9, COMMONPROGRAMFILES=M:\Program Files\Common Files, COMSPEC=M:\WINDOWS\system32\cmd.exe, PROCESSOR_REVISION=5e03, PYCHARM=J:\Devtools\PyCharm2020.3.3\bin;, WXDRIVE_START_ARGS=--wxdrive-setting=0 --disable-gpu --disable-software-rasterizer --enable-features=NetworkServiceInProcess, TEMP=M:\Users\ai\AppData\Local\Temp, HOMEDRIVE=M:, USERPROFILE=M:\Users\ai, TMP=M:\Users\ai\AppData\Local\Temp, GOLAND=J:\GoLand_2020.3\bin;, WEBSTORM=J:\WebStorm\WebStorm2020.2.2\bin;, NUMBER_OF_PROCESSORS=8, IDEA_INITIAL_DIRECTORY=M:\Program Files\JetBrains\IntelliJ IDEA 2020.3.2\bin}}]
14:45:54.168 [main] DEBUG org.springframework.test.context.support.TestPropertySourceUtils - Adding inlined properties to environment: {spring.jmx.enabled=false, org.springframework.boot.test.context.SpringBootTestContextBootstrapper=true, server.port=-1}
14:45:54.168 [main] DEBUG org.springframework.core.env.StandardEnvironment - Adding PropertySource 'Inlined Test Properties' with highest search precedence
2021-03-22 14:45:54.506 [main] DEBUG o.s.b.c.l.ClasspathLoggingApplicationListener - Application failed to start with classpath: [file:/M:/Users/ai/AppData/Local/Temp/surefire1806199178637157683/surefirebooter4284758026254091166.jar]
2021-03-22 14:45:54.918 [main] ERROR o.s.boot.SpringApplication - Application run failed
java.lang.IllegalStateException: Logback configuration error detected: 
ERROR in ch.qos.logback.core.rolling.RollingFileAppender[FILE] - Failed to create parent directories for [d:\logs\xc.2021-03-22.log]
ERROR in ch.qos.logback.core.rolling.RollingFileAppender[FILE] - openFile(null,true) call failed. java.io.FileNotFoundException: d:\logs\xc.2021-03-22.log (系统找不到指定的路径。)
	at org.springframework.boot.logging.logback.LogbackLoggingSystem.loadConfiguration(LogbackLoggingSystem.java:169)
	at org.springframework.boot.logging.AbstractLoggingSystem.initializeWithConventions(AbstractLoggingSystem.java:82)
	at org.springframework.boot.logging.AbstractLoggingSystem.initialize(AbstractLoggingSystem.java:60)
	at org.springframework.boot.logging.logback.LogbackLoggingSystem.initialize(LogbackLoggingSystem.java:117)
	at org.springframework.boot.context.logging.LoggingApplicationListener.initializeSystem(LoggingApplicationListener.java:264)
	at org.springframework.boot.context.logging.LoggingApplicationListener.initialize(LoggingApplicationListener.java:237)
	at org.springframework.boot.context.logging.LoggingApplicationListener.onApplicationEnvironmentPreparedEvent(LoggingApplicationListener.java:200)
	at org.springframework.boot.context.logging.LoggingApplicationListener.onApplicationEvent(LoggingApplicationListener.java:173)
	at org.springframework.context.event.SimpleApplicationEventMulticaster.doInvokeListener(SimpleApplicationEventMulticaster.java:172)
	at org.springframework.context.event.SimpleApplicationEventMulticaster.invokeListener(SimpleApplicationEventMulticaster.java:165)
	at org.springframework.context.event.SimpleApplicationEventMulticaster.multicastEvent(SimpleApplicationEventMulticaster.java:139)
	at org.springframework.context.event.SimpleApplicationEventMulticaster.multicastEvent(SimpleApplicationEventMulticaster.java:127)
	at org.springframework.boot.context.event.EventPublishingRunListener.environmentPrepared(EventPublishingRunListener.java:74)
	at org.springframework.boot.SpringApplicationRunListeners.environmentPrepared(SpringApplicationRunListeners.java:54)
	at org.springframework.boot.SpringApplication.prepareEnvironment(SpringApplication.java:364)
	at org.springframework.boot.SpringApplication.run(SpringApplication.java:323)
	at org.springframework.boot.test.context.SpringBootContextLoader.loadContext(SpringBootContextLoader.java:139)
	at org.springframework.test.context.cache.DefaultCacheAwareContextLoaderDelegate.loadContextInternal(DefaultCacheAwareContextLoaderDelegate.java:99)
	at org.springframework.test.context.cache.DefaultCacheAwareContextLoaderDelegate.loadContext(DefaultCacheAwareContextLoaderDelegate.java:117)
	at org.springframework.test.context.support.DefaultTestContext.getApplicationContext(DefaultTestContext.java:108)
	at org.springframework.test.context.web.ServletTestExecutionListener.setUpRequestContextIfNecessary(ServletTestExecutionListener.java:190)
	at org.springframework.test.context.web.ServletTestExecutionListener.prepareTestInstance(ServletTestExecutionListener.java:132)
	at org.springframework.test.context.TestContextManager.prepareTestInstance(TestContextManager.java:246)
	at org.springframework.test.context.junit4.SpringJUnit4ClassRunner.createTest(SpringJUnit4ClassRunner.java:227)
	at org.springframework.test.context.junit4.SpringJUnit4ClassRunner$1.runReflectiveCall(SpringJUnit4ClassRunner.java:289)
	at org.junit.internal.runners.model.ReflectiveCallable.run(ReflectiveCallable.java:12)
	at org.springframework.test.context.junit4.SpringJUnit4ClassRunner.methodBlock(SpringJUnit4ClassRunner.java:291)
	at org.springframework.test.context.junit4.SpringJUnit4ClassRunner.runChild(SpringJUnit4ClassRunner.java:246)
	at org.springframework.test.context.junit4.SpringJUnit4ClassRunner.runChild(SpringJUnit4ClassRunner.java:97)
	at org.junit.runners.ParentRunner$3.run(ParentRunner.java:290)
	at org.junit.runners.ParentRunner$1.schedule(ParentRunner.java:71)
	at org.junit.runners.ParentRunner.runChildren(ParentRunner.java:288)
	at org.junit.runners.ParentRunner.access$000(ParentRunner.java:58)
	at org.junit.runners.ParentRunner$2.evaluate(ParentRunner.java:268)
	at org.springframework.test.context.junit4.statements.RunBeforeTestClassCallbacks.evaluate(RunBeforeTestClassCallbacks.java:61)
	at org.springframework.test.context.junit4.statements.RunAfterTestClassCallbacks.evaluate(RunAfterTestClassCallbacks.java:70)
	at org.junit.runners.ParentRunner.run(ParentRunner.java:363)
	at org.springframework.test.context.junit4.SpringJUnit4ClassRunner.run(SpringJUnit4ClassRunner.java:190)
	at org.apache.maven.surefire.junit4.JUnit4Provider.execute(JUnit4Provider.java:365)
	at org.apache.maven.surefire.junit4.JUnit4Provider.executeWithRerun(JUnit4Provider.java:273)
	at org.apache.maven.surefire.junit4.JUnit4Provider.executeTestSet(JUnit4Provider.java:238)
	at org.apache.maven.surefire.junit4.JUnit4Provider.invoke(JUnit4Provider.java:159)
	at org.apache.maven.surefire.booter.ForkedBooter.invokeProviderInSameClassLoader(ForkedBooter.java:379)
	at org.apache.maven.surefire.booter.ForkedBooter.runSuitesInProcess(ForkedBooter.java:340)
	at org.apache.maven.surefire.booter.ForkedBooter.execute(ForkedBooter.java:125)
	at org.apache.maven.surefire.booter.ForkedBooter.main(ForkedBooter.java:413)
2021-03-22 14:45:54.920 [main] ERROR o.s.test.context.TestContextManager - Caught exception while allowing TestExecutionListener [org.springframework.test.context.web.ServletTestExecutionListener@5b7a5baa] to prepare test instance [com.xuecheng.test.freemarker.FreemarkerTest@452e19ca]
java.lang.IllegalStateException: Failed to load ApplicationContext
	at org.springframework.test.context.cache.DefaultCacheAwareContextLoaderDelegate.loadContext(DefaultCacheAwareContextLoaderDelegate.java:125)
	at org.springframework.test.context.support.DefaultTestContext.getApplicationContext(DefaultTestContext.java:108)
	at org.springframework.test.context.web.ServletTestExecutionListener.setUpRequestContextIfNecessary(ServletTestExecutionListener.java:190)
	at org.springframework.test.context.web.ServletTestExecutionListener.prepareTestInstance(ServletTestExecutionListener.java:132)
	at org.springframework.test.context.TestContextManager.prepareTestInstance(TestContextManager.java:246)
	at org.springframework.test.context.junit4.SpringJUnit4ClassRunner.createTest(SpringJUnit4ClassRunner.java:227)
	at org.springframework.test.context.junit4.SpringJUnit4ClassRunner$1.runReflectiveCall(SpringJUnit4ClassRunner.java:289)
	at org.junit.internal.runners.model.ReflectiveCallable.run(ReflectiveCallable.java:12)
	at org.springframework.test.context.junit4.SpringJUnit4ClassRunner.methodBlock(SpringJUnit4ClassRunner.java:291)
	at org.springframework.test.context.junit4.SpringJUnit4ClassRunner.runChild(SpringJUnit4ClassRunner.java:246)
	at org.springframework.test.context.junit4.SpringJUnit4ClassRunner.runChild(SpringJUnit4ClassRunner.java:97)
	at org.junit.runners.ParentRunner$3.run(ParentRunner.java:290)
	at org.junit.runners.ParentRunner$1.schedule(ParentRunner.java:71)
	at org.junit.runners.ParentRunner.runChildren(ParentRunner.java:288)
	at org.junit.runners.ParentRunner.access$000(ParentRunner.java:58)
	at org.junit.runners.ParentRunner$2.evaluate(ParentRunner.java:268)
	at org.springframework.test.context.junit4.statements.RunBeforeTestClassCallbacks.evaluate(RunBeforeTestClassCallbacks.java:61)
	at org.springframework.test.context.junit4.statements.RunAfterTestClassCallbacks.evaluate(RunAfterTestClassCallbacks.java:70)
	at org.junit.runners.ParentRunner.run(ParentRunner.java:363)
	at org.springframework.test.context.junit4.SpringJUnit4ClassRunner.run(SpringJUnit4ClassRunner.java:190)
	at org.apache.maven.surefire.junit4.JUnit4Provider.execute(JUnit4Provider.java:365)
	at org.apache.maven.surefire.junit4.JUnit4Provider.executeWithRerun(JUnit4Provider.java:273)
	at org.apache.maven.surefire.junit4.JUnit4Provider.executeTestSet(JUnit4Provider.java:238)
	at org.apache.maven.surefire.junit4.JUnit4Provider.invoke(JUnit4Provider.java:159)
	at org.apache.maven.surefire.booter.ForkedBooter.invokeProviderInSameClassLoader(ForkedBooter.java:379)
	at org.apache.maven.surefire.booter.ForkedBooter.runSuitesInProcess(ForkedBooter.java:340)
	at org.apache.maven.surefire.booter.ForkedBooter.execute(ForkedBooter.java:125)
	at org.apache.maven.surefire.booter.ForkedBooter.main(ForkedBooter.java:413)
Caused by: java.lang.IllegalStateException: Logback configuration error detected: 
ERROR in ch.qos.logback.core.rolling.RollingFileAppender[FILE] - Failed to create parent directories for [d:\logs\xc.2021-03-22.log]
ERROR in ch.qos.logback.core.rolling.RollingFileAppender[FILE] - openFile(null,true) call failed. java.io.FileNotFoundException: d:\logs\xc.2021-03-22.log (系统找不到指定的路径。)
	at org.springframework.boot.logging.logback.LogbackLoggingSystem.loadConfiguration(LogbackLoggingSystem.java:169)
	at org.springframework.boot.logging.AbstractLoggingSystem.initializeWithConventions(AbstractLoggingSystem.java:82)
	at org.springframework.boot.logging.AbstractLoggingSystem.initialize(AbstractLoggingSystem.java:60)
	at org.springframework.boot.logging.logback.LogbackLoggingSystem.initialize(LogbackLoggingSystem.java:117)
	at org.springframework.boot.context.logging.LoggingApplicationListener.initializeSystem(LoggingApplicationListener.java:264)
	at org.springframework.boot.context.logging.LoggingApplicationListener.initialize(LoggingApplicationListener.java:237)
	at org.springframework.boot.context.logging.LoggingApplicationListener.onApplicationEnvironmentPreparedEvent(LoggingApplicationListener.java:200)
	at org.springframework.boot.context.logging.LoggingApplicationListener.onApplicationEvent(LoggingApplicationListener.java:173)
	at org.springframework.context.event.SimpleApplicationEventMulticaster.doInvokeListener(SimpleApplicationEventMulticaster.java:172)
	at org.springframework.context.event.SimpleApplicationEventMulticaster.invokeListener(SimpleApplicationEventMulticaster.java:165)
	at org.springframework.context.event.SimpleApplicationEventMulticaster.multicastEvent(SimpleApplicationEventMulticaster.java:139)
	at org.springframework.context.event.SimpleApplicationEventMulticaster.multicastEvent(SimpleApplicationEventMulticaster.java:127)
	at org.springframework.boot.context.event.EventPublishingRunListener.environmentPrepared(EventPublishingRunListener.java:74)
	at org.springframework.boot.SpringApplicationRunListeners.environmentPrepared(SpringApplicationRunListeners.java:54)
	at org.springframework.boot.SpringApplication.prepareEnvironment(SpringApplication.java:364)
	at org.springframework.boot.SpringApplication.run(SpringApplication.java:323)
	at org.springframework.boot.test.context.SpringBootContextLoader.loadContext(SpringBootContextLoader.java:139)
	at org.springframework.test.context.cache.DefaultCacheAwareContextLoaderDelegate.loadContextInternal(DefaultCacheAwareContextLoaderDelegate.java:99)
	at org.springframework.test.context.cache.DefaultCacheAwareContextLoaderDelegate.loadContext(DefaultCacheAwareContextLoaderDelegate.java:117)
	... 27 common frames omitted
]]></system-out>
  </testcase>
  <testcase name="testGenerateHtmlByString" classname="com.xuecheng.test.freemarker.FreemarkerTest" time="0">
    <error message="Failed to load ApplicationContext" type="java.lang.IllegalStateException">java.lang.IllegalStateException: Failed to load ApplicationContext
Caused by: java.lang.IllegalStateException: 
Logback configuration error detected: 
ERROR in ch.qos.logback.core.rolling.RollingFileAppender[FILE] - Failed to create parent directories for [d:\logs\xc.2021-03-22.log]
ERROR in ch.qos.logback.core.rolling.RollingFileAppender[FILE] - openFile(null,true) call failed. java.io.FileNotFoundException: d:\logs\xc.2021-03-22.log (系统找不到指定的路径。)
</error>
    <system-out><![CDATA[2021-03-22 14:45:54.969 [main] DEBUG o.s.b.c.l.ClasspathLoggingApplicationListener - Application failed to start with classpath: [file:/M:/Users/ai/AppData/Local/Temp/surefire1806199178637157683/surefirebooter4284758026254091166.jar]
2021-03-22 14:45:54.969 [main] ERROR o.s.boot.SpringApplication - Application run failed
java.lang.IllegalStateException: Logback configuration error detected: 
ERROR in ch.qos.logback.core.rolling.RollingFileAppender[FILE] - Failed to create parent directories for [d:\logs\xc.2021-03-22.log]
ERROR in ch.qos.logback.core.rolling.RollingFileAppender[FILE] - openFile(null,true) call failed. java.io.FileNotFoundException: d:\logs\xc.2021-03-22.log (系统找不到指定的路径。)
	at org.springframework.boot.logging.logback.LogbackLoggingSystem.loadConfiguration(LogbackLoggingSystem.java:169)
	at org.springframework.boot.logging.AbstractLoggingSystem.initializeWithConventions(AbstractLoggingSystem.java:82)
	at org.springframework.boot.logging.AbstractLoggingSystem.initialize(AbstractLoggingSystem.java:60)
	at org.springframework.boot.logging.logback.LogbackLoggingSystem.initialize(LogbackLoggingSystem.java:117)
	at org.springframework.boot.context.logging.LoggingApplicationListener.initializeSystem(LoggingApplicationListener.java:264)
	at org.springframework.boot.context.logging.LoggingApplicationListener.initialize(LoggingApplicationListener.java:237)
	at org.springframework.boot.context.logging.LoggingApplicationListener.onApplicationEnvironmentPreparedEvent(LoggingApplicationListener.java:200)
	at org.springframework.boot.context.logging.LoggingApplicationListener.onApplicationEvent(LoggingApplicationListener.java:173)
	at org.springframework.context.event.SimpleApplicationEventMulticaster.doInvokeListener(SimpleApplicationEventMulticaster.java:172)
	at org.springframework.context.event.SimpleApplicationEventMulticaster.invokeListener(SimpleApplicationEventMulticaster.java:165)
	at org.springframework.context.event.SimpleApplicationEventMulticaster.multicastEvent(SimpleApplicationEventMulticaster.java:139)
	at org.springframework.context.event.SimpleApplicationEventMulticaster.multicastEvent(SimpleApplicationEventMulticaster.java:127)
	at org.springframework.boot.context.event.EventPublishingRunListener.environmentPrepared(EventPublishingRunListener.java:74)
	at org.springframework.boot.SpringApplicationRunListeners.environmentPrepared(SpringApplicationRunListeners.java:54)
	at org.springframework.boot.SpringApplication.prepareEnvironment(SpringApplication.java:364)
	at org.springframework.boot.SpringApplication.run(SpringApplication.java:323)
	at org.springframework.boot.test.context.SpringBootContextLoader.loadContext(SpringBootContextLoader.java:139)
	at org.springframework.test.context.cache.DefaultCacheAwareContextLoaderDelegate.loadContextInternal(DefaultCacheAwareContextLoaderDelegate.java:99)
	at org.springframework.test.context.cache.DefaultCacheAwareContextLoaderDelegate.loadContext(DefaultCacheAwareContextLoaderDelegate.java:117)
	at org.springframework.test.context.support.DefaultTestContext.getApplicationContext(DefaultTestContext.java:108)
	at org.springframework.test.context.web.ServletTestExecutionListener.setUpRequestContextIfNecessary(ServletTestExecutionListener.java:190)
	at org.springframework.test.context.web.ServletTestExecutionListener.prepareTestInstance(ServletTestExecutionListener.java:132)
	at org.springframework.test.context.TestContextManager.prepareTestInstance(TestContextManager.java:246)
	at org.springframework.test.context.junit4.SpringJUnit4ClassRunner.createTest(SpringJUnit4ClassRunner.java:227)
	at org.springframework.test.context.junit4.SpringJUnit4ClassRunner$1.runReflectiveCall(SpringJUnit4ClassRunner.java:289)
	at org.junit.internal.runners.model.ReflectiveCallable.run(ReflectiveCallable.java:12)
	at org.springframework.test.context.junit4.SpringJUnit4ClassRunner.methodBlock(SpringJUnit4ClassRunner.java:291)
	at org.springframework.test.context.junit4.SpringJUnit4ClassRunner.runChild(SpringJUnit4ClassRunner.java:246)
	at org.springframework.test.context.junit4.SpringJUnit4ClassRunner.runChild(SpringJUnit4ClassRunner.java:97)
	at org.junit.runners.ParentRunner$3.run(ParentRunner.java:290)
	at org.junit.runners.ParentRunner$1.schedule(ParentRunner.java:71)
	at org.junit.runners.ParentRunner.runChildren(ParentRunner.java:288)
	at org.junit.runners.ParentRunner.access$000(ParentRunner.java:58)
	at org.junit.runners.ParentRunner$2.evaluate(ParentRunner.java:268)
	at org.springframework.test.context.junit4.statements.RunBeforeTestClassCallbacks.evaluate(RunBeforeTestClassCallbacks.java:61)
	at org.springframework.test.context.junit4.statements.RunAfterTestClassCallbacks.evaluate(RunAfterTestClassCallbacks.java:70)
	at org.junit.runners.ParentRunner.run(ParentRunner.java:363)
	at org.springframework.test.context.junit4.SpringJUnit4ClassRunner.run(SpringJUnit4ClassRunner.java:190)
	at org.apache.maven.surefire.junit4.JUnit4Provider.execute(JUnit4Provider.java:365)
	at org.apache.maven.surefire.junit4.JUnit4Provider.executeWithRerun(JUnit4Provider.java:273)
	at org.apache.maven.surefire.junit4.JUnit4Provider.executeTestSet(JUnit4Provider.java:238)
	at org.apache.maven.surefire.junit4.JUnit4Provider.invoke(JUnit4Provider.java:159)
	at org.apache.maven.surefire.booter.ForkedBooter.invokeProviderInSameClassLoader(ForkedBooter.java:379)
	at org.apache.maven.surefire.booter.ForkedBooter.runSuitesInProcess(ForkedBooter.java:340)
	at org.apache.maven.surefire.booter.ForkedBooter.execute(ForkedBooter.java:125)
	at org.apache.maven.surefire.booter.ForkedBooter.main(ForkedBooter.java:413)
2021-03-22 14:45:54.970 [main] ERROR o.s.test.context.TestContextManager - Caught exception while allowing TestExecutionListener [org.springframework.test.context.web.ServletTestExecutionListener@5b7a5baa] to prepare test instance [com.xuecheng.test.freemarker.FreemarkerTest@239105a8]
java.lang.IllegalStateException: Failed to load ApplicationContext
	at org.springframework.test.context.cache.DefaultCacheAwareContextLoaderDelegate.loadContext(DefaultCacheAwareContextLoaderDelegate.java:125)
	at org.springframework.test.context.support.DefaultTestContext.getApplicationContext(DefaultTestContext.java:108)
	at org.springframework.test.context.web.ServletTestExecutionListener.setUpRequestContextIfNecessary(ServletTestExecutionListener.java:190)
	at org.springframework.test.context.web.ServletTestExecutionListener.prepareTestInstance(ServletTestExecutionListener.java:132)
	at org.springframework.test.context.TestContextManager.prepareTestInstance(TestContextManager.java:246)
	at org.springframework.test.context.junit4.SpringJUnit4ClassRunner.createTest(SpringJUnit4ClassRunner.java:227)
	at org.springframework.test.context.junit4.SpringJUnit4ClassRunner$1.runReflectiveCall(SpringJUnit4ClassRunner.java:289)
	at org.junit.internal.runners.model.ReflectiveCallable.run(ReflectiveCallable.java:12)
	at org.springframework.test.context.junit4.SpringJUnit4ClassRunner.methodBlock(SpringJUnit4ClassRunner.java:291)
	at org.springframework.test.context.junit4.SpringJUnit4ClassRunner.runChild(SpringJUnit4ClassRunner.java:246)
	at org.springframework.test.context.junit4.SpringJUnit4ClassRunner.runChild(SpringJUnit4ClassRunner.java:97)
	at org.junit.runners.ParentRunner$3.run(ParentRunner.java:290)
	at org.junit.runners.ParentRunner$1.schedule(ParentRunner.java:71)
	at org.junit.runners.ParentRunner.runChildren(ParentRunner.java:288)
	at org.junit.runners.ParentRunner.access$000(ParentRunner.java:58)
	at org.junit.runners.ParentRunner$2.evaluate(ParentRunner.java:268)
	at org.springframework.test.context.junit4.statements.RunBeforeTestClassCallbacks.evaluate(RunBeforeTestClassCallbacks.java:61)
	at org.springframework.test.context.junit4.statements.RunAfterTestClassCallbacks.evaluate(RunAfterTestClassCallbacks.java:70)
	at org.junit.runners.ParentRunner.run(ParentRunner.java:363)
	at org.springframework.test.context.junit4.SpringJUnit4ClassRunner.run(SpringJUnit4ClassRunner.java:190)
	at org.apache.maven.surefire.junit4.JUnit4Provider.execute(JUnit4Provider.java:365)
	at org.apache.maven.surefire.junit4.JUnit4Provider.executeWithRerun(JUnit4Provider.java:273)
	at org.apache.maven.surefire.junit4.JUnit4Provider.executeTestSet(JUnit4Provider.java:238)
	at org.apache.maven.surefire.junit4.JUnit4Provider.invoke(JUnit4Provider.java:159)
	at org.apache.maven.surefire.booter.ForkedBooter.invokeProviderInSameClassLoader(ForkedBooter.java:379)
	at org.apache.maven.surefire.booter.ForkedBooter.runSuitesInProcess(ForkedBooter.java:340)
	at org.apache.maven.surefire.booter.ForkedBooter.execute(ForkedBooter.java:125)
	at org.apache.maven.surefire.booter.ForkedBooter.main(ForkedBooter.java:413)
Caused by: java.lang.IllegalStateException: Logback configuration error detected: 
ERROR in ch.qos.logback.core.rolling.RollingFileAppender[FILE] - Failed to create parent directories for [d:\logs\xc.2021-03-22.log]
ERROR in ch.qos.logback.core.rolling.RollingFileAppender[FILE] - openFile(null,true) call failed. java.io.FileNotFoundException: d:\logs\xc.2021-03-22.log (系统找不到指定的路径。)
	at org.springframework.boot.logging.logback.LogbackLoggingSystem.loadConfiguration(LogbackLoggingSystem.java:169)
	at org.springframework.boot.logging.AbstractLoggingSystem.initializeWithConventions(AbstractLoggingSystem.java:82)
	at org.springframework.boot.logging.AbstractLoggingSystem.initialize(AbstractLoggingSystem.java:60)
	at org.springframework.boot.logging.logback.LogbackLoggingSystem.initialize(LogbackLoggingSystem.java:117)
	at org.springframework.boot.context.logging.LoggingApplicationListener.initializeSystem(LoggingApplicationListener.java:264)
	at org.springframework.boot.context.logging.LoggingApplicationListener.initialize(LoggingApplicationListener.java:237)
	at org.springframework.boot.context.logging.LoggingApplicationListener.onApplicationEnvironmentPreparedEvent(LoggingApplicationListener.java:200)
	at org.springframework.boot.context.logging.LoggingApplicationListener.onApplicationEvent(LoggingApplicationListener.java:173)
	at org.springframework.context.event.SimpleApplicationEventMulticaster.doInvokeListener(SimpleApplicationEventMulticaster.java:172)
	at org.springframework.context.event.SimpleApplicationEventMulticaster.invokeListener(SimpleApplicationEventMulticaster.java:165)
	at org.springframework.context.event.SimpleApplicationEventMulticaster.multicastEvent(SimpleApplicationEventMulticaster.java:139)
	at org.springframework.context.event.SimpleApplicationEventMulticaster.multicastEvent(SimpleApplicationEventMulticaster.java:127)
	at org.springframework.boot.context.event.EventPublishingRunListener.environmentPrepared(EventPublishingRunListener.java:74)
	at org.springframework.boot.SpringApplicationRunListeners.environmentPrepared(SpringApplicationRunListeners.java:54)
	at org.springframework.boot.SpringApplication.prepareEnvironment(SpringApplication.java:364)
	at org.springframework.boot.SpringApplication.run(SpringApplication.java:323)
	at org.springframework.boot.test.context.SpringBootContextLoader.loadContext(SpringBootContextLoader.java:139)
	at org.springframework.test.context.cache.DefaultCacheAwareContextLoaderDelegate.loadContextInternal(DefaultCacheAwareContextLoaderDelegate.java:99)
	at org.springframework.test.context.cache.DefaultCacheAwareContextLoaderDelegate.loadContext(DefaultCacheAwareContextLoaderDelegate.java:117)
	... 27 common frames omitted
]]></system-out>
  </testcase>
</testsuite>