<?xml version="1.0" encoding="UTF-8"?>
<testsuite xmlns:xsi="http://www.w3.org/2001/XMLSchema-instance" xsi:noNamespaceSchemaLocation="https://maven.apache.org/surefire/maven-surefire-plugin/xsd/surefire-test-report.xsd" name="com.xuecheng.manage_course.dao.TestDao" time="20.996" tests="3" errors="0" skipped="0" failures="0">
  <properties>
[...]
</properties>
  <testcase name="testCourseMapper" classname="com.xuecheng.manage_course.dao.TestDao" time="0.003"/>
  <testcase name="testCourseBaseRepository" classname="com.xuecheng.manage_course.dao.TestDao" time="0.011"/>
  <testcase name="testFindTeachplan" classname="com.xuecheng.manage_course.dao.TestDao" time="0.002"/>
</testsuite>